Using pre-set license
Built from '2020.3/staging' branch; Version is '2020.3.11f1 (99c7afb366b3) revision 10078127'; Using compiler version '192528614'; Build Type 'Release'
OS: 'Windows 10 Pro; OS build 19043.1288; Version 2009; 64bit' Language: 'en' Physical Memory: 15724 MB
BatchMode: 1, IsHumanControllingUs: 0, StartBugReporterOnCrash: 0, Is64bit: 1, IsPro: 0

 COMMAND LINE ARGUMENTS:
C:\Program Files\Unity\Hub\Editor\2020.3.11f1\Editor\Unity.exe
-adb2
-batchMode
-noUpm
-name
AssetImportWorker0
-projectPath
E:/DogeGame
-logFile
Logs/AssetImportWorker0.log
-srvPort
51507
Successfully changed project path to: E:/DogeGame
E:/DogeGame
Using Asset Import Pipeline V2.
Refreshing native plugins compatible for Editor in 54.35 ms, found 3 plugins.
Preloading 0 native plugins for Editor in 0.00 ms.
Initialize engine version: 2020.3.11f1 (99c7afb366b3)
[Subsystems] Discovering subsystems at path C:/Program Files/Unity/Hub/Editor/2020.3.11f1/Editor/Data/Resources/UnitySubsystems
[Subsystems] Discovering subsystems at path E:/DogeGame/Assets
GfxDevice: creating device client; threaded=0
Direct3D:
    Version:  Direct3D 11.0 [level 11.1]
    Renderer: NVIDIA GeForce RTX 3060 Laptop GPU (ID=0x2520)
    Vendor:   
    VRAM:     6023 MB
    Driver:   30.0.14.7196
Initialize mono
Mono path[0] = 'C:/Program Files/Unity/Hub/Editor/2020.3.11f1/Editor/Data/Managed'
Mono path[1] = 'C:/Program Files/Unity/Hub/Editor/2020.3.11f1/Editor/Data/MonoBleedingEdge/lib/mono/unityjit'
Mono config path = 'C:/Program Files/Unity/Hub/Editor/2020.3.11f1/Editor/Data/MonoBleedingEdge/etc'
Using monoOptions --debugger-agent=transport=dt_socket,embedding=1,server=y,suspend=n,address=127.0.0.1:56048
Begin MonoManager ReloadAssembly
Registering precompiled unity dll's ...
Register platform support module: C:/Program Files/Unity/Hub/Editor/2020.3.11f1/Editor/Data/PlaybackEngines/WindowsStandaloneSupport/UnityEditor.WindowsStandalone.Extensions.dll
Registered in 0.002319 seconds.
Native extension for WindowsStandalone target not found
Refreshing native plugins compatible for Editor in 44.58 ms, found 3 plugins.
Preloading 0 native plugins for Editor in 0.00 ms.
Mono: successfully reloaded assembly
- Completed reload, in  1.595 seconds
Platform modules already initialized, skipping
Registering precompiled user dll's ...
Registered in 0.003221 seconds.
Begin MonoManager ReloadAssembly
Native extension for WindowsStandalone target not found
Refreshing native plugins compatible for Editor in 45.16 ms, found 3 plugins.
Preloading 0 native plugins for Editor in 0.00 ms.
Mono: successfully reloaded assembly
- Completed reload, in  0.944 seconds
Platform modules already initialized, skipping
========================================================================
Worker process is ready to serve import requests
Launched and connected shader compiler UnityShaderCompiler.exe after 0.05 seconds
Refreshing native plugins compatible for Editor in 0.66 ms, found 3 plugins.
Preloading 0 native plugins for Editor in 0.00 ms.
Unloading 2355 Unused Serialized files (Serialized files now loaded: 0)
System memory in use before: 103.4 MB.
System memory in use after: 103.6 MB.

Unloading 33 unused Assets to reduce memory usage. Loaded Objects now: 2793.
Total: 2.709000 ms (FindLiveObjects: 0.253500 ms CreateObjectMapping: 0.139700 ms MarkObjects: 2.287400 ms  DeleteObjects: 0.027500 ms)

========================================================================
Received Import Request.
  path: Assets/Sprites/98-988730_wooden-log-png-clipart-freeuse-wood-transparent-png.png
  artifactKey: Guid(b0d4c9e87677e6f4a93fd935df935f88) Importer(815301076,1909f56bfc062723c751e8b465ee728b)
Start importing Assets/Sprites/98-988730_wooden-log-png-clipart-freeuse-wood-transparent-png.png using Guid(b0d4c9e87677e6f4a93fd935df935f88) Importer(815301076,1909f56bfc062723c751e8b465ee728b)  -> (artifact id: '62dc4236b484bc9463a0988884899d1c') in 0.120293 seconds
  Import took 0.126830 seconds .

========================================================================
Received Import Request.
  Time since last request: 0.000267 seconds.
  path: Assets/Sprites/integral.prefab
  artifactKey: Guid(35afa49f22233484cb91cae205d94288) Importer(815301076,1909f56bfc062723c751e8b465ee728b)
Start importing Assets/Sprites/integral.prefab using Guid(35afa49f22233484cb91cae205d94288) Importer(815301076,1909f56bfc062723c751e8b465ee728b)  -> (artifact id: '2d09b9091298cfd680c1ce56ece038ce') in 0.052815 seconds
  Import took 0.097892 seconds .

========================================================================
Received Import Request.
  Time since last request: 0.000171 seconds.
  path: Assets/Sprites/darvo.png
  artifactKey: Guid(75ac437c18525ee42950b6ab81c93517) Importer(815301076,1909f56bfc062723c751e8b465ee728b)
Start importing Assets/Sprites/darvo.png using Guid(75ac437c18525ee42950b6ab81c93517) Importer(815301076,1909f56bfc062723c751e8b465ee728b)  -> (artifact id: '1a640619d1b2aabe89dbfc366db5fe29') in 0.013635 seconds
  Import took 0.149748 seconds .

========================================================================
Received Import Request.
  Time since last request: 0.000168 seconds.
  path: Assets/Sprites/43262.png
  artifactKey: Guid(a935aa300f5449e4a824c6a6ad715fed) Importer(815301076,1909f56bfc062723c751e8b465ee728b)
Start importing Assets/Sprites/43262.png using Guid(a935aa300f5449e4a824c6a6ad715fed) Importer(815301076,1909f56bfc062723c751e8b465ee728b)  -> (artifact id: '41f6852df55a266fd402b4f74565baaa') in 0.013732 seconds
  Import took 0.068865 seconds .

========================================================================
Received Import Request.
  Time since last request: 0.000164 seconds.
  path: Assets/Sprites/png-transparent-wood-bamboo-stick-line-nature-wood-thumbnail.png
  artifactKey: Guid(a5954ddd9ecf17446ab19de4ea07d0c9) Importer(815301076,1909f56bfc062723c751e8b465ee728b)
Start importing Assets/Sprites/png-transparent-wood-bamboo-stick-line-nature-wood-thumbnail.png using Guid(a5954ddd9ecf17446ab19de4ea07d0c9) Importer(815301076,1909f56bfc062723c751e8b465ee728b)  -> (artifact id: 'bffb88ad213c444730b00722b176dbbf') in 0.011340 seconds
  Import took 0.130454 seconds .

AssetImportWorkerClient::OnTransportError - code=258 error=The wait operation timed out.
